c:\users\ljw28\source\repos\algorithmstudy\debug\vc142.pdb
c:\users\ljw28\source\repos\algorithmstudy\debug\vc142.idb
c:\users\ljw28\source\repos\ruru14\noj.am\debug\vc142.pdb
c:\users\ljw28\source\repos\ruru14\noj.am\debug\vc142.idb
c:\users\ljw28\source\repos\ruru14\noj.am\debug\9663.obj
c:\users\ljw28\source\repos\ruru14\noj.am\debug\2847.obj
c:\users\ljw28\source\repos\ruru14\noj.am\debug\1759.obj
c:\users\ljw28\source\repos\ruru14\noj.am\debug\14698.obj
c:\users\ljw28\source\repos\ruru14\noj.am\debug\algorithmstudy.obj
c:\users\ljw28\source\repos\ruru14\noj.am\debug\test.obj
c:\users\ljw28\source\repos\ruru14\noj.am\debug\1753.obj
c:\users\ljw28\source\repos\ruru14\noj.am\debug\template.obj
c:\users\ljw28\source\repos\ruru14\noj.am\debug\4485.obj
c:\users\ljw28\source\repos\ruru14\noj.am\debug\3182.obj
c:\users\ljw28\source\repos\ruru14\noj.am\debug\2776.obj
c:\users\ljw28\source\repos\ruru14\noj.am\debug\2606.obj
c:\users\ljw28\source\repos\ruru14\noj.am\debug\2178.obj
c:\users\ljw28\source\repos\ruru14\noj.am\debug\20046.obj
c:\users\ljw28\source\repos\ruru14\noj.am\debug\14936.obj
c:\users\ljw28\source\repos\ruru14\noj.am\debug\14889.obj
c:\users\ljw28\source\repos\ruru14\noj.am\debug\14502.obj
c:\users\ljw28\source\repos\ruru14\noj.am\debug\1260.obj
c:\users\ljw28\source\repos\ruru14\noj.am\debug\1003.obj
c:\users\ljw28\source\repos\ruru14\noj.am\debug\10026.obj
c:\users\ljw28\source\repos\ruru14\noj.am\debug\algorithmstudy.exe
c:\users\ljw28\source\repos\ruru14\noj.am\debug\algorithmstudy.ilk
c:\users\ljw28\source\repos\ruru14\noj.am\debug\algorithmstudy.pdb
c:\users\ljw28\source\repos\ruru14\noj.am\debug\algorithmstudy.tlog\cl.command.1.tlog
c:\users\ljw28\source\repos\ruru14\noj.am\debug\algorithmstudy.tlog\cl.read.1.tlog
c:\users\ljw28\source\repos\ruru14\noj.am\debug\algorithmstudy.tlog\cl.write.1.tlog
c:\users\ljw28\source\repos\ruru14\noj.am\debug\algorithmstudy.tlog\link.command.1.tlog
c:\users\ljw28\source\repos\ruru14\noj.am\debug\algorithmstudy.tlog\link.read.1.tlog
c:\users\ljw28\source\repos\ruru14\noj.am\debug\algorithmstudy.tlog\link.write.1.tlog
